--------------------------------------------------------------------------------
CPU name:	Intel(R) Xeon(R) E-2236 CPU @ 3.40GHz
CPU type:	Intel Coffeelake processor
CPU stepping:	10
********************************************************************************
Hardware Thread Topology
********************************************************************************
Sockets:		1
Cores per socket:	6
Threads per core:	2
--------------------------------------------------------------------------------
HWThread	Thread		Core		Socket		Available
0		0		0		0		*
1		0		1		0		*
2		0		2		0		*
3		0		3		0		*
4		0		4		0		*
5		0		5		0		*
6		1		0		0		*
7		1		1		0		*
8		1		2		0		*
9		1		3		0		*
10		1		4		0		*
11		1		5		0		*
--------------------------------------------------------------------------------
Socket 0:		( 0 6 1 7 2 8 3 9 4 10 5 11 )
--------------------------------------------------------------------------------
********************************************************************************
Cache Topology
********************************************************************************
Level:			1
Size:			32 kB
Cache groups:		( 0 6 ) ( 1 7 ) ( 2 8 ) ( 3 9 ) ( 4 10 ) ( 5 11 )
--------------------------------------------------------------------------------
Level:			2
Size:			256 kB
Cache groups:		( 0 6 ) ( 1 7 ) ( 2 8 ) ( 3 9 ) ( 4 10 ) ( 5 11 )
--------------------------------------------------------------------------------
Level:			3
Size:			12 MB
Cache groups:		( 0 6 1 7 2 8 3 9 4 10 5 11 )
--------------------------------------------------------------------------------
********************************************************************************
NUMA Topology
********************************************************************************
NUMA domains:		1
--------------------------------------------------------------------------------
Domain:			0
Processors:		( 0 1 2 3 4 5 6 7 8 9 10 11 )
Distances:		10
Free memory:		8025.88 MB
Total memory:		15844 MB
--------------------------------------------------------------------------------


********************************************************************************
Graphical Topology
********************************************************************************
Socket 0:
+-------------------------------------------------------------------+
| +--------+ +--------+ +--------+ +--------+ +--------+ +--------+ |
| |  0 6   | |  1 7   | |  2 8   | |  3 9   | |  4 10  | |  5 11  | |
| +--------+ +--------+ +--------+ +--------+ +--------+ +--------+ |
| +--------+ +--------+ +--------+ +--------+ +--------+ +--------+ |
| |  32 kB | |  32 kB | |  32 kB | |  32 kB | |  32 kB | |  32 kB | |
| +--------+ +--------+ +--------+ +--------+ +--------+ +--------+ |
| +--------+ +--------+ +--------+ +--------+ +--------+ +--------+ |
| | 256 kB | | 256 kB | | 256 kB | | 256 kB | | 256 kB | | 256 kB | |
| +--------+ +--------+ +--------+ +--------+ +--------+ +--------+ |
| +---------------------------------------------------------------+ |
| |                             12 MB                             | |
| +---------------------------------------------------------------+ |
+-------------------------------------------------------------------+
